Android-PullToRefresh-master/sample/build/outputs/logs/manifest-merger-release-report.txt
-- Merging decision tree log ---
manifest
ADDED from AndroidManifest.xml:2:1
	package
		ADDED from AndroidManifest.xml:3:5
	android:versionName
		ADDED from AndroidManifest.xml:5:5
	android:versionCode
		ADDED from AndroidManifest.xml:4:5
		INJECTED from AndroidManifest.xml:0:0
		INJECTED from AndroidManifest.xml:0:0
	xmlns:android
		ADDED from AndroidManifest.xml:2:11
uses-sdk
ADDED from AndroidManifest.xml:7:5
MERGED from adtworkspace.Android-PullToRefresh-master:library:unspecified:7:5
MERGED from adtworkspace.Android-PullToRefresh-master:library:unspecified:7:5
MERGED from adtworkspace.Android-PullToRefresh-master.extras:PullToRefreshViewPager:unspecified:7:5
MERGED from adtworkspace.Android-PullToRefresh-master:library:unspecified:7:5
	android:targetSdkVersion
		ADDED from AndroidManifest.xml:9:9
	android:minSdkVersion
		ADDED from AndroidManifest.xml:8:9
application
ADDED from AndroidManifest.xml:11:5
MERGED from adtworkspace.Android-PullToRefresh-master:library:unspecified:9:5
MERGED from adtworkspace.Android-PullToRefresh-master.extras:PullToRefreshListFragment:unspecified:7:5
MERGED from adtworkspace.Android-PullToRefresh-master:library:unspecified:9:5
MERGED from adtworkspace.Android-PullToRefresh-master.extras:PullToRefreshViewPager:unspecified:9:5
MERGED from adtworkspace.Android-PullToRefresh-master:library:unspecified:9:5
	android:label
		ADDED from AndroidManifest.xml:14:9
	android:hardwareAccelerated
		ADDED from AndroidManifest.xml:12:9
	android:icon
		ADDED from AndroidManifest.xml:13:9
activity#com.handmark.pulltorefresh.samples.LauncherActivity
ADDED from AndroidManifest.xml:15:9
	android:label
		ADDED from AndroidManifest.xml:17:13
	android:name
		ADDED from AndroidManifest.xml:16:13
intent-filter#android.intent.action.MAIN+android.intent.category.LAUNCHER
ADDED from AndroidManifest.xml:18:13
action#android.intent.action.MAIN
ADDED from AndroidManifest.xml:19:17
	android:name
		ADDED from AndroidManifest.xml:19:25
category#android.intent.category.LAUNCHER
ADDED from AndroidManifest.xml:21:17
	android:name
		ADDED from AndroidManifest.xml:21:27
activity#com.handmark.pulltorefresh.samples.PullToRefreshListActivity
ADDED from AndroidManifest.xml:24:9
	android:label
		ADDED from AndroidManifest.xml:26:13
	android:name
		ADDED from AndroidManifest.xml:25:13
activity#com.handmark.pulltorefresh.samples.PullToRefreshListFragmentActivity
ADDED from AndroidManifest.xml:28:9
	android:label
		ADDED from AndroidManifest.xml:30:13
	android:name
		ADDED from AndroidManifest.xml:29:13
activity#com.handmark.pulltorefresh.samples.PullToRefreshListInViewPagerActivity
ADDED from AndroidManifest.xml:32:9
	android:label
		ADDED from AndroidManifest.xml:34:13
	android:name
		ADDED from AndroidManifest.xml:33:13
activity#com.handmark.pulltorefresh.samples.PullToRefreshGridActivity
ADDED from AndroidManifest.xml:36:9
	android:label
		ADDED from AndroidManifest.xml:38:13
	android:name
		ADDED from AndroidManifest.xml:37:13
activity#com.handmark.pulltorefresh.samples.PullToRefreshExpandableListActivity
ADDED from AndroidManifest.xml:40:9
	android:label
		ADDED from AndroidManifest.xml:42:13
	android:name
		ADDED from AndroidManifest.xml:41:13
activity#com.handmark.pulltorefresh.samples.PullToRefreshWebViewActivity
ADDED from AndroidManifest.xml:44:9
	android:label
		ADDED from AndroidManifest.xml:46:13
	android:name
		ADDED from AndroidManifest.xml:45:13
activity#com.handmark.pulltorefresh.samples.PullToRefreshScrollViewActivity
ADDED from AndroidManifest.xml:48:9
	android:label
		ADDED from AndroidManifest.xml:50:13
	android:name
		ADDED from AndroidManifest.xml:49:13
activity#com.handmark.pulltorefresh.samples.PullToRefreshHorizontalScrollViewActivity
ADDED from AndroidManifest.xml:52:9
	android:label
		ADDED from AndroidManifest.xml:54:13
	android:name
		ADDED from AndroidManifest.xml:53:13
activity#com.handmark.pulltorefresh.samples.PullToRefreshViewPagerActivity
ADDED from AndroidManifest.xml:56:9
	android:label
		ADDED from AndroidManifest.xml:58:13
	android:name
		ADDED from AndroidManifest.xml:57:13
activity#com.handmark.pulltorefresh.samples.PullToRefreshWebView2Activity
ADDED from AndroidManifest.xml:60:9
	android:label
		ADDED from AndroidManifest.xml:62:13
	android:name
		ADDED from AndroidManifest.xml:61:13
uses-permission#android.permission.INTERNET
ADDED from AndroidManifest.xml:67:5
	android:name
		ADDED from AndroidManifest.xml:67:22
supports-screens
ADDED from AndroidManifest.xml:69:5
	android:anyDensity
		ADDED from AndroidManifest.xml:69:23
android:uses-permission#android.permission.WRITE_EXTERNAL_STORAGE
IMPLIED from AndroidManifest.xml:2:1 reason: com.handmark.pulltorefresh.extras.listfragment has a targetSdkVersion < 4
android:uses-permission#android.permission.READ_PHONE_STATE
IMPLIED from AndroidManifest.xml:2:1 reason: com.handmark.pulltorefresh.extras.listfragment has a targetSdkVersion < 4
android:uses-permission#android.permission.READ_EXTERNAL_STORAGE
IMPLIED from AndroidManifest.xml:2:1 reason: com.handmark.pulltorefresh.extras.listfragment requested WRITE_EXTERNAL_STORAGE